Arguments: 
  /usr/local/bin/node /usr/local/Cellar/yarn/1.22.17_2/libexec/bin/yarn.js install

PATH: 
  /usr/local/bin:/usr/bin:/bin:/usr/sbin:/sbin

Yarn version: 
  1.22.17

Node version: 
  16.14.0

Platform: 
  darwin x64

Trace: 
  Error: ENOENT: no such file or directory, open '/Users/ouningfei/Library/Caches/Yarn/v6/npm-node-notifier-8.0.2-f3167a38ef0d2c8a866a83e318c1ba0efeb702c5-integrity/node_modules/node-notifier/.yarn-metadata.json'

npm manifest: 
  {
    "name": "wedding-ceremony",
    "version": "0.1.0",
    "private": true,
    "dependencies": {
      "@fortawesome/fontawesome-svg-core": "^1.2.34",
      "@fortawesome/free-solid-svg-icons": "^5.15.2",
      "@fortawesome/react-fontawesome": "^0.1.14",
      "@material-ui/core": "^4.11.3",
      "@testing-library/jest-dom": "^5.11.4",
      "@testing-library/react": "^11.1.0",
      "@testing-library/user-event": "^12.1.10",
      "fontsource-roboto": "^4.0.0",
      "react": "^17.0.1",
      "react-dom": "^17.0.1",
      "react-scripts": "4.0.2",
      "react-spotify-player": "^1.0.4",
      "web-vitals": "^1.0.1"
    },
    "scripts": {
      "start": "react-scripts start",
      "build": "react-scripts build",
      "test": "react-scripts test",
      "eject": "react-scripts eject"
    },
    "eslintConfig": {
      "extends": [
        "react-app",
        "react-app/jest"
      ]
    },
    "browserslist": {
      "production": [
        ">0.2%",
        "not dead",
        "not op_mini all"
      ],
      "development": [
        "last 1 chrome version",
        "last 1 firefox version",
        "last 1 safari version"
      ]
    }
  }

yarn manifest: 
  No manifest

Lockfile: 
  # THIS IS AN AUTOGENERATED FILE. DO NOT EDIT THIS FILE DIRECTLY.
  # yarn lockfile v1
